Copyright 1986-2014 Xilinx, Inc. All Rights Reserved.
--------------------------------------------------------------------------------------
| Tool Version : Vivado v.2014.4.1 (lin64) Build 1149489 Thu Feb 19 16:01:47 MST 2015
| Date         : Tue Nov 24 23:09:09 2015
| Host         : eecs-digital-34 running 64-bit Ubuntu 12.04.5 LTS
| Command      : report_control_sets -verbose -file main_control_sets_placed.rpt
| Design       : main
| Device       : xc7a100t
--------------------------------------------------------------------------------------

Control Set Information

Table of Contents
-----------------
1. Summary
2. Flip-Flop Distribution
3. Detailed Control Set Information

1. Summary
----------

+-------------------------------------------------------------------+-------+
|                               Status                              | Count |
+-------------------------------------------------------------------+-------+
| Number of unique control sets                                     |    26 |
| Minimum Number of register sites lost to control set restrictions |    83 |
+-------------------------------------------------------------------+-------+


2. Flip-Flop Distribution
-------------------------

+--------------+-----------------------+------------------------+-----------------+--------------+
| Clock Enable | Synchronous Set/Reset | Asynchronous Set/Reset | Total Registers | Total Slices |
+--------------+-----------------------+------------------------+-----------------+--------------+
| No           | No                    | No                     |              73 |           43 |
| No           | No                    | Yes                    |               0 |            0 |
| No           | Yes                   | No                     |               0 |            0 |
| Yes          | No                    | No                     |             143 |           52 |
| Yes          | No                    | Yes                    |               0 |            0 |
| Yes          | Yes                   | No                     |             141 |           46 |
+--------------+-----------------------+------------------------+-----------------+--------------+


3. Detailed Control Set Information
-----------------------------------

+----------------------+---------------------------------------------------------------+--------------------------------------------------+------------------+----------------+
|     Clock Signal     |                         Enable Signal                         |                 Set/Reset Signal                 | Slice Load Count | Bel Load Count |
+----------------------+---------------------------------------------------------------+--------------------------------------------------+------------------+----------------+
|  CLK100MHZ_IBUF_BUFG |                                                               |                                                  |                1 |              2 |
|  n_0_619_BUFG        | camera1/n_2_intense_byte1[3]_i_1                              |                                                  |                2 |              4 |
|  n_0_619_BUFG        | camera1/n_2_intense_byte[3]_i_1                               |                                                  |                2 |              4 |
|  JC_IBUF_BUFG[4]     | vga1/O6                                                       | vga1/O1                                          |                1 |              4 |
|  JC_IBUF_BUFG[4]     | vga1/O6                                                       | vga1/O2                                          |                1 |              4 |
|  JC_IBUF_BUFG[4]     | vga1/O6                                                       | vga1/O3                                          |                1 |              4 |
|  JC_IBUF_BUFG[4]     | camera1/OV7670_config/SCCB1/n_2_byte_index[3]_i_1             |                                                  |                1 |              4 |
|  JC_IBUF_BUFG[4]     | camera1/OV7670_config/SCCB1/n_2_FSM_state[3]_i_1              |                                                  |                2 |              4 |
|  JC_IBUF_BUFG[4]     | camera1/OV7670_config/SCCB1/n_2_FSM_return_state[3]_i_1       |                                                  |                1 |              4 |
|  n_0_619_BUFG        |                                                               |                                                  |                4 |              6 |
|  JC_IBUF_BUFG[4]     | camera1/OV7670_config/rom1/O4                                 | camera1/OV7670_config/config_1/n_2_timer[17]_i_1 |                2 |              7 |
|  JC_IBUF_BUFG[4]     | camera1/OV7670_config/SCCB1/n_2_tx_byte[7]_i_1                |                                                  |                3 |              8 |
|  n_0_619_BUFG        | camera1/n_2_bram_din[7]_i_1                                   |                                                  |                2 |              8 |
|  JC_IBUF_BUFG[4]     | camera1/OV7670_config/SCCB1/n_2_timer[8]_i_1                  |                                                  |                5 |              9 |
|  JC_IBUF_BUFG[4]     | vga1/n_2_vcount[9]_i_1                                        |                                                  |                3 |             10 |
|  JC_IBUF_BUFG[4]     | camera1/OV7670_config/rom1/E[0]                               |                                                  |                5 |             16 |
|  JC_IBUF_BUFG[4]     | camera1/OV7670_config/config_1/n_2_SCCB_interface_data[7]_i_1 |                                                  |                5 |             16 |
|  JC_IBUF_BUFG[4]     | camera1/OV7670_config/SCCB1/n_2_latched_data[7]_i_1           |                                                  |                3 |             16 |
|  n_0_619_BUFG        | camera1/n_2_bram_addr[17]_i_2                                 | camera1/n_2_bram_addr[17]_i_1                    |                5 |             17 |
|  JC_IBUF_BUFG[4]     | first_byte1_out                                               | vga1/O4                                          |                5 |             18 |
|  JC_IBUF_BUFG[4]     | vga1/O12[0]                                                   | vga1/E[0]                                        |                8 |             20 |
|  JC_IBUF_BUFG[4]     | vga1/O11[0]                                                   | vga1/E[0]                                        |                8 |             20 |
|  JC_IBUF_BUFG[4]     | camera1/OV7670_config/SCCB1/n_2_timer[8]_i_1                  | camera1/OV7670_config/SCCB1/n_2_timer[31]_i_1__0 |                7 |             23 |
|  JC_IBUF_BUFG[4]     | camera1/OV7670_config/rom1/O4                                 | camera1/OV7670_config/config_1/n_2_timer[31]_i_1 |                8 |             24 |
|  JC_IBUF_BUFG[4]     | vga1/E[0]                                                     |                                                  |               18 |             40 |
|  JC_IBUF_BUFG[4]     |                                                               |                                                  |               38 |             65 |
+----------------------+---------------------------------------------------------------+--------------------------------------------------+------------------+----------------+


