
*** Running vivado
    with args -log main.vdi -applog -m64 -messageDb vivado.pb -mode batch -source main.tcl -notrace


****** Vivado v2014.4.1 (64-bit)
  **** SW Build 1149489 on Thu Feb 19 16:01:47 MST 2015
  **** IP Build 1147552 on Wed Feb 18 14:25:16 MST 2015
    ** Copyright 1986-2014 Xilinx, Inc. All Rights Reserved.

source main.tcl -notrace
Design is defaulting to srcset: sources_1
Design is defaulting to constrset: constrs_1
INFO: [Project 1-454] Reading design checkpoint '/afs/athena.mit.edu/user/k/s/kschan/Documents/6.111/Final_Project2/Final_Project2.runs/blk_mem_gen_0_synth_1/blk_mem_gen_0.dcp' for cell 'bram'
INFO: [Netlist 29-17] Analyzing 130 Unisim elements for replacement
INFO: [Netlist 29-28] Unisim Transformation completed in 0 CPU seconds
INFO: [Project 1-479] Netlist was created with Vivado 2014.4.1
Loading clock regions from /mit/6.111/xilinx-vivado/Vivado/2014.4/data/parts/xilinx/artix7/artix7/xc7a100t/ClockRegion.xml
Loading clock buffers from /mit/6.111/xilinx-vivado/Vivado/2014.4/data/parts/xilinx/artix7/artix7/xc7a100t/ClockBuffers.xml
Loading clock placement rules from /mit/6.111/xilinx-vivado/Vivado/2014.4/data/parts/xilinx/artix7/ClockPlacerRules.xml
Loading package pin functions from /mit/6.111/xilinx-vivado/Vivado/2014.4/data/parts/xilinx/artix7/PinFunctions.xml...
Loading package from /mit/6.111/xilinx-vivado/Vivado/2014.4/data/parts/xilinx/artix7/artix7/xc7a100t/csg324/Package.xml
Loading io standards from /mit/6.111/xilinx-vivado/Vivado/2014.4/data/./parts/xilinx/artix7/IOStandards.xml
Loading device configuration modes from /mit/6.111/xilinx-vivado/Vivado/2014.4/data/parts/xilinx/artix7/ConfigModes.xml
INFO: [Project 1-570] Preparing netlist for logic optimization
INFO: [Opt 31-140] Inserted 0 IBUFs to IO ports without IO buffers.
INFO: [Opt 31-141] Inserted 0 OBUFs to IO ports without IO buffers.
Parsing XDC File [/afs/athena.mit.edu/user/k/s/kschan/Documents/6.111/Final_Project2/Final_Project2.srcs/constrs_1/imports/Sources/Nexys4DDR_Master_lab4.xdc]
WARNING: [Vivado 12-584] No ports matched 'LED16_B'. [/afs/athena.mit.edu/user/k/s/kschan/Documents/6.111/Final_Project2/Final_Project2.srcs/constrs_1/imports/Sources/Nexys4DDR_Master_lab4.xdc:50]
CRITICAL WARNING: [Common 17-55] 'set_property' expects at least one object. [/afs/athena.mit.edu/user/k/s/kschan/Documents/6.111/Final_Project2/Final_Project2.srcs/constrs_1/imports/Sources/Nexys4DDR_Master_lab4.xdc:50]
Resolution: If [get_<value>] was used to populate the object, check to make sure this comm     and returns at least one valid object.
WARNING: [Vivado 12-584] No ports matched 'LED16_G'. [/afs/athena.mit.edu/user/k/s/kschan/Documents/6.111/Final_Project2/Final_Project2.srcs/constrs_1/imports/Sources/Nexys4DDR_Master_lab4.xdc:51]
CRITICAL WARNING: [Common 17-55] 'set_property' expects at least one object. [/afs/athena.mit.edu/user/k/s/kschan/Documents/6.111/Final_Project2/Final_Project2.srcs/constrs_1/imports/Sources/Nexys4DDR_Master_lab4.xdc:51]
Resolution: If [get_<value>] was used to populate the object, check to make sure this comm     and returns at least one valid object.
WARNING: [Vivado 12-584] No ports matched 'LED16_R'. [/afs/athena.mit.edu/user/k/s/kschan/Documents/6.111/Final_Project2/Final_Project2.srcs/constrs_1/imports/Sources/Nexys4DDR_Master_lab4.xdc:52]
CRITICAL WARNING: [Common 17-55] 'set_property' expects at least one object. [/afs/athena.mit.edu/user/k/s/kschan/Documents/6.111/Final_Project2/Final_Project2.srcs/constrs_1/imports/Sources/Nexys4DDR_Master_lab4.xdc:52]
Resolution: If [get_<value>] was used to populate the object, check to make sure this comm     and returns at least one valid object.
WARNING: [Vivado 12-584] No ports matched 'LED17_B'. [/afs/athena.mit.edu/user/k/s/kschan/Documents/6.111/Final_Project2/Final_Project2.srcs/constrs_1/imports/Sources/Nexys4DDR_Master_lab4.xdc:53]
CRITICAL WARNING: [Common 17-55] 'set_property' expects at least one object. [/afs/athena.mit.edu/user/k/s/kschan/Documents/6.111/Final_Project2/Final_Project2.srcs/constrs_1/imports/Sources/Nexys4DDR_Master_lab4.xdc:53]
Resolution: If [get_<value>] was used to populate the object, check to make sure this comm     and returns at least one valid object.
WARNING: [Vivado 12-584] No ports matched 'LED17_G'. [/afs/athena.mit.edu/user/k/s/kschan/Documents/6.111/Final_Project2/Final_Project2.srcs/constrs_1/imports/Sources/Nexys4DDR_Master_lab4.xdc:54]
CRITICAL WARNING: [Common 17-55] 'set_property' expects at least one object. [/afs/athena.mit.edu/user/k/s/kschan/Documents/6.111/Final_Project2/Final_Project2.srcs/constrs_1/imports/Sources/Nexys4DDR_Master_lab4.xdc:54]
Resolution: If [get_<value>] was used to populate the object, check to make sure this comm     and returns at least one valid object.
WARNING: [Vivado 12-584] No ports matched 'LED17_R'. [/afs/athena.mit.edu/user/k/s/kschan/Documents/6.111/Final_Project2/Final_Project2.srcs/constrs_1/imports/Sources/Nexys4DDR_Master_lab4.xdc:55]
CRITICAL WARNING: [Common 17-55] 'set_property' expects at least one object. [/afs/athena.mit.edu/user/k/s/kschan/Documents/6.111/Final_Project2/Final_Project2.srcs/constrs_1/imports/Sources/Nexys4DDR_Master_lab4.xdc:55]
Resolution: If [get_<value>] was used to populate the object, check to make sure this comm     and returns at least one valid object.
WARNING: [Vivado 12-584] No ports matched 'BTNL'. [/afs/athena.mit.edu/user/k/s/kschan/Documents/6.111/Final_Project2/Final_Project2.srcs/constrs_1/imports/Sources/Nexys4DDR_Master_lab4.xdc:86]
CRITICAL WARNING: [Common 17-55] 'set_property' expects at least one object. [/afs/athena.mit.edu/user/k/s/kschan/Documents/6.111/Final_Project2/Final_Project2.srcs/constrs_1/imports/Sources/Nexys4DDR_Master_lab4.xdc:86]
Resolution: If [get_<value>] was used to populate the object, check to make sure this comm     and returns at least one valid object.
WARNING: [Vivado 12-584] No ports matched 'BTNR'. [/afs/athena.mit.edu/user/k/s/kschan/Documents/6.111/Final_Project2/Final_Project2.srcs/constrs_1/imports/Sources/Nexys4DDR_Master_lab4.xdc:87]
CRITICAL WARNING: [Common 17-55] 'set_property' expects at least one object. [/afs/athena.mit.edu/user/k/s/kschan/Documents/6.111/Final_Project2/Final_Project2.srcs/constrs_1/imports/Sources/Nexys4DDR_Master_lab4.xdc:87]
Resolution: If [get_<value>] was used to populate the object, check to make sure this comm     and returns at least one valid object.
WARNING: [Vivado 12-584] No ports matched 'BTND'. [/afs/athena.mit.edu/user/k/s/kschan/Documents/6.111/Final_Project2/Final_Project2.srcs/constrs_1/imports/Sources/Nexys4DDR_Master_lab4.xdc:88]
CRITICAL WARNING: [Common 17-55] 'set_property' expects at least one object. [/afs/athena.mit.edu/user/k/s/kschan/Documents/6.111/Final_Project2/Final_Project2.srcs/constrs_1/imports/Sources/Nexys4DDR_Master_lab4.xdc:88]
Resolution: If [get_<value>] was used to populate the object, check to make sure this comm     and returns at least one valid object.
Finished Parsing XDC File [/afs/athena.mit.edu/user/k/s/kschan/Documents/6.111/Final_Project2/Final_Project2.srcs/constrs_1/imports/Sources/Nexys4DDR_Master_lab4.xdc]
INFO: [Project 1-538] Using original IP XDC constraints instead of the XDC constraints in dcp '/afs/athena.mit.edu/user/k/s/kschan/Documents/6.111/Final_Project2/Final_Project2.runs/blk_mem_gen_0_synth_1/blk_mem_gen_0.dcp'
INFO: [Opt 31-138] Pushed 0 inverter(s) to 0 load pin(s).
INFO: [Project 1-111] Unisim Transformation Summary:
No Unisim elements were transformed.

link_design: Time (s): cpu = 00:00:06 ; elapsed = 00:00:07 . Memory (MB): peak = 1111.848 ; gain = 247.730 ; free physical = 308 ; free virtual = 12064
Command: opt_design
Attempting to get a license for feature 'Implementation' and/or device 'xc7a100t'
INFO: [Common 17-349] Got license for feature 'Implementation' and/or device 'xc7a100t'
Running DRC as a precondition to command opt_design

Starting DRC Task
INFO: [Drc 23-27] Running DRC with 4 threads
INFO: [Project 1-461] DRC finished with 0 Errors
INFO: [Project 1-462] Please refer to the DRC report (report_drc) for more information.

Time (s): cpu = 00:00:00.13 ; elapsed = 00:00:00.20 . Memory (MB): peak = 1118.859 ; gain = 7.004 ; free physical = 300 ; free virtual = 12061
INFO: [Timing 38-35] Done setting XDC timing constraints.

Starting Logic Optimization Task

Phase 1 Retarget

INFO: [Opt 31-138] Pushed 2 inverter(s) to 2 load pin(s).
INFO: [Opt 31-49] Retargeted 0 cell(s).
Phase 1 Retarget | Checksum: 142918a71

Time (s): cpu = 00:00:00.14 ; elapsed = 00:00:00.17 . Memory (MB): peak = 1551.305 ; gain = 0.000 ; free physical = 131 ; free virtual = 11720

Phase 2 Constant Propagation
INFO: [Opt 31-138] Pushed 0 inverter(s) to 0 load pin(s).
INFO: [Opt 31-10] Eliminated 42 cells.
Phase 2 Constant Propagation | Checksum: 1c847f9ca

Time (s): cpu = 00:00:00.24 ; elapsed = 00:00:00.27 . Memory (MB): peak = 1551.305 ; gain = 0.000 ; free physical = 130 ; free virtual = 11719

Phase 3 Sweep
INFO: [Opt 31-12] Eliminated 161 unconnected nets.
INFO: [Opt 31-140] Inserted 0 IBUFs to IO ports without IO buffers.
INFO: [Opt 31-141] Inserted 0 OBUFs to IO ports without IO buffers.
INFO: [Opt 31-11] Eliminated 2 unconnected cells.
Phase 3 Sweep | Checksum: 123eb9ec1

Time (s): cpu = 00:00:00.44 ; elapsed = 00:00:00.46 . Memory (MB): peak = 1551.305 ; gain = 0.000 ; free physical = 130 ; free virtual = 11719
Ending Logic Optimization Task | Checksum: 123eb9ec1

Time (s): cpu = 00:00:00.45 ; elapsed = 00:00:00.48 . Memory (MB): peak = 1551.305 ; gain = 0.000 ; free physical = 130 ; free virtual = 11719
Implement Debug Cores | Checksum: 7eafa3b5
Logic Optimization | Checksum: 7eafa3b5

Starting Power Optimization Task
INFO: [Pwropt 34-132] Skipping clock gating for clocks with a period < 3.12 ns.
INFO: [Pwropt 34-9] Applying IDT optimizations ...
INFO: [Pwropt 34-10] Applying ODC optimizations ...


Starting PowerOpt Patch Enables Task
INFO: [Pwropt 34-162] WRITE_MODE attribute of 0 BRAM(s) out of a total of 74 has been updated to save power. Run report_power_opt to get a complete listing of the BRAMs updated.
INFO: [Pwropt 34-201] Structural ODC has moved 0 WE to EN ports
Number of BRAM Ports augmented: 87 newly gated: 74 Total Ports: 148
Number of Flops added for Enable Generation: 3

Ending PowerOpt Patch Enables Task | Checksum: 1fabb32b4

Time (s): cpu = 00:00:00.16 ; elapsed = 00:00:00.19 . Memory (MB): peak = 1706.391 ; gain = 0.000 ; free physical = 141 ; free virtual = 11557
Ending Power Optimization Task | Checksum: 1fabb32b4

Time (s): cpu = 00:00:12 ; elapsed = 00:00:12 . Memory (MB): peak = 1706.391 ; gain = 155.086 ; free physical = 141 ; free virtual = 11557
INFO: [Common 17-83] Releasing license: Implementation
29 Infos, 9 Warnings, 9 Critical Warnings and 0 Errors encountered.
opt_design completed successfully
opt_design: Time (s): cpu = 00:00:26 ; elapsed = 00:00:27 . Memory (MB): peak = 1706.391 ; gain = 594.543 ; free physical = 141 ; free virtual = 11557
Writing placer database...
Writing XDEF routing.
Writing XDEF routing logical nets.
Writing XDEF routing special nets.
Write XDEF Complete: Time (s): cpu = 00:00:00.12 ; elapsed = 00:00:00.12 . Memory (MB): peak = 1722.398 ; gain = 0.000 ; free physical = 137 ; free virtual = 11556
INFO: [Drc 23-27] Running DRC with 4 threads
INFO: [Coretcl 2-168] The results of DRC are in file /afs/athena.mit.edu/user/k/s/kschan/Documents/6.111/Final_Project2/Final_Project2.runs/impl_1/main_drc_opted.rpt.
Command: place_design
Attempting to get a license for feature 'Implementation' and/or device 'xc7a100t'
INFO: [Common 17-349] Got license for feature 'Implementation' and/or device 'xc7a100t'
INFO: [Drc 23-27] Running DRC with 4 threads
INFO: [Vivado_Tcl 4-198] DRC finished with 0 Errors
INFO: [Vivado_Tcl 4-199] Please refer to the DRC report (report_drc) for more information.
Running DRC as a precondition to command place_design
INFO: [Drc 23-27] Running DRC with 4 threads
INFO: [Vivado_Tcl 4-198] DRC finished with 0 Errors
INFO: [Vivado_Tcl 4-199] Please refer to the DRC report (report_drc) for more information.

Starting Placer Task
INFO: [Place 30-611] Multithreading enabled for place_design using a maximum of 4 CPUs

Phase 1 Placer Runtime Estimator
Phase 1 Placer Runtime Estimator | Checksum: 11e57c963

Time (s): cpu = 00:00:00.04 ; elapsed = 00:00:00.05 . Memory (MB): peak = 1722.406 ; gain = 0.000 ; free physical = 141 ; free virtual = 11562

Phase 2 Placer Initialization

Phase 2.1 Placer Initialization Core
Netlist sorting complete. Time (s): cpu = 00:00:00.01 ; elapsed = 00:00:00.02 . Memory (MB): peak = 1722.406 ; gain = 0.000 ; free physical = 141 ; free virtual = 11562
INFO: [Opt 31-140] Inserted 0 IBUFs to IO ports without IO buffers.
INFO: [Opt 31-141] Inserted 0 OBUFs to IO ports without IO buffers.
INFO: [Opt 31-138] Pushed 0 inverter(s) to 0 load pin(s).
Netlist sorting complete. Time (s): cpu = 00:00:00 ; elapsed = 00:00:00.01 . Memory (MB): peak = 1722.406 ; gain = 0.000 ; free physical = 141 ; free virtual = 11562

Phase 2.1.1 IO Placement/ Clock Placement/ Build Placer Device

Phase 2.1.1.1 Pre-Place Cells
Phase 2.1.1.1 Pre-Place Cells | Checksum: b46c9478

Time (s): cpu = 00:00:00.15 ; elapsed = 00:00:00.17 . Memory (MB): peak = 1722.406 ; gain = 0.000 ; free physical = 141 ; free virtual = 11562
WARNING: [Place 30-12] An IO Bus SW with more than one IO standard is found. Components associated with this bus are: 
	SW[15] of IOStandard LVCMOS33
	SW[14] of IOStandard LVCMOS33
	SW[13] of IOStandard LVCMOS33
	SW[12] of IOStandard LVCMOS33
	SW[11] of IOStandard LVCMOS33
	SW[10] of IOStandard LVCMOS33
	SW[9] of IOStandard LVCMOS18
	SW[8] of IOStandard LVCMOS18
	SW[7] of IOStandard LVCMOS33
	SW[6] of IOStandard LVCMOS33
	SW[5] of IOStandard LVCMOS33
	SW[4] of IOStandard LVCMOS33
	SW[3] of IOStandard LVCMOS33
	SW[2] of IOStandard LVCMOS33
	SW[1] of IOStandard LVCMOS33
	SW[0] of IOStandard LVCMOS33
INFO: [Timing 38-35] Done setting XDC timing constraints.

Phase 2.1.1.2 IO & Clk Clean Up
Phase 2.1.1.2 IO & Clk Clean Up | Checksum: b46c9478

Time (s): cpu = 00:00:02 ; elapsed = 00:00:01 . Memory (MB): peak = 1746.410 ; gain = 24.004 ; free physical = 140 ; free virtual = 11562

Phase 2.1.1.3 Implementation Feasibility check On IDelay
Phase 2.1.1.3 Implementation Feasibility check On IDelay | Checksum: b46c9478

Time (s): cpu = 00:00:02 ; elapsed = 00:00:01 . Memory (MB): peak = 1746.410 ; gain = 24.004 ; free physical = 140 ; free virtual = 11562

Phase 2.1.1.4 Commit IO Placement
Phase 2.1.1.4 Commit IO Placement | Checksum: 7b08827f

Time (s): cpu = 00:00:02 ; elapsed = 00:00:01 . Memory (MB): peak = 1746.410 ; gain = 24.004 ; free physical = 140 ; free virtual = 11562
Phase 2.1.1 IO Placement/ Clock Placement/ Build Placer Device | Checksum: 15b639ec0

Time (s): cpu = 00:00:02 ; elapsed = 00:00:01 . Memory (MB): peak = 1746.410 ; gain = 24.004 ; free physical = 140 ; free virtual = 11562

Phase 2.1.2 Build Placer Netlist Model

Phase 2.1.2.1 Place Init Design

Phase 2.1.2.1.1 Init Lut Pin Assignment
Phase 2.1.2.1.1 Init Lut Pin Assignment | Checksum: 15c8a5ac5

Time (s): cpu = 00:00:02 ; elapsed = 00:00:02 . Memory (MB): peak = 1746.410 ; gain = 24.004 ; free physical = 141 ; free virtual = 11563
Phase 2.1.2.1 Place Init Design | Checksum: 1ed97d165

Time (s): cpu = 00:00:03 ; elapsed = 00:00:02 . Memory (MB): peak = 1746.410 ; gain = 24.004 ; free physical = 142 ; free virtual = 11565
Phase 2.1.2 Build Placer Netlist Model | Checksum: 1ed97d165

Time (s): cpu = 00:00:03 ; elapsed = 00:00:02 . Memory (MB): peak = 1746.410 ; gain = 24.004 ; free physical = 142 ; free virtual = 11565

Phase 2.1.3 Constrain Clocks/Macros

Phase 2.1.3.1 Constrain Global/Regional Clocks
Phase 2.1.3.1 Constrain Global/Regional Clocks | Checksum: 1ed97d165

Time (s): cpu = 00:00:03 ; elapsed = 00:00:02 . Memory (MB): peak = 1746.410 ; gain = 24.004 ; free physical = 142 ; free virtual = 11565
Phase 2.1.3 Constrain Clocks/Macros | Checksum: 1ed97d165

Time (s): cpu = 00:00:03 ; elapsed = 00:00:02 . Memory (MB): peak = 1746.410 ; gain = 24.004 ; free physical = 142 ; free virtual = 11565
Phase 2.1 Placer Initialization Core | Checksum: 1ed97d165

Time (s): cpu = 00:00:03 ; elapsed = 00:00:02 . Memory (MB): peak = 1746.410 ; gain = 24.004 ; free physical = 142 ; free virtual = 11565
Phase 2 Placer Initialization | Checksum: 1ed97d165

Time (s): cpu = 00:00:03 ; elapsed = 00:00:02 . Memory (MB): peak = 1746.410 ; gain = 24.004 ; free physical = 142 ; free virtual = 11565

Phase 3 Global Placement
Phase 3 Global Placement | Checksum: 13cf5512a

Time (s): cpu = 00:00:10 ; elapsed = 00:00:06 . Memory (MB): peak = 1778.426 ; gain = 56.020 ; free physical = 148 ; free virtual = 11571

Phase 4 Detail Placement

Phase 4.1 Commit Multi Column Macros
Phase 4.1 Commit Multi Column Macros | Checksum: 13cf5512a

Time (s): cpu = 00:00:10 ; elapsed = 00:00:06 . Memory (MB): peak = 1778.426 ; gain = 56.020 ; free physical = 148 ; free virtual = 11571

Phase 4.2 Commit Most Macros & LUTRAMs
Phase 4.2 Commit Most Macros & LUTRAMs | Checksum: 1fe63a079

Time (s): cpu = 00:00:10 ; elapsed = 00:00:07 . Memory (MB): peak = 1778.426 ; gain = 56.020 ; free physical = 148 ; free virtual = 11571

Phase 4.3 Area Swap Optimization
Phase 4.3 Area Swap Optimization | Checksum: 23c02bd9b

Time (s): cpu = 00:00:10 ; elapsed = 00:00:07 . Memory (MB): peak = 1778.426 ; gain = 56.020 ; free physical = 148 ; free virtual = 11571

Phase 4.4 updateClock Trees: DP
Phase 4.4 updateClock Trees: DP | Checksum: 23c02bd9b

Time (s): cpu = 00:00:10 ; elapsed = 00:00:07 . Memory (MB): peak = 1778.426 ; gain = 56.020 ; free physical = 148 ; free virtual = 11571

Phase 4.5 Timing Path Optimizer
Phase 4.5 Timing Path Optimizer | Checksum: 24ccb1ed1

Time (s): cpu = 00:00:10 ; elapsed = 00:00:07 . Memory (MB): peak = 1778.426 ; gain = 56.020 ; free physical = 148 ; free virtual = 11571

Phase 4.6 Small Shape Detail Placement

Phase 4.6.1 Commit Small Macros & Core Logic

Phase 4.6.1.1 setBudgets
Phase 4.6.1.1 setBudgets | Checksum: 1f1c988c8

Time (s): cpu = 00:00:10 ; elapsed = 00:00:07 . Memory (MB): peak = 1778.426 ; gain = 56.020 ; free physical = 148 ; free virtual = 11571

Phase 4.6.1.2 Commit Slice Clusters
Phase 4.6.1.2 Commit Slice Clusters | Checksum: 17bedf746

Time (s): cpu = 00:00:11 ; elapsed = 00:00:07 . Memory (MB): peak = 1778.426 ; gain = 56.020 ; free physical = 148 ; free virtual = 11571
Phase 4.6.1 Commit Small Macros & Core Logic | Checksum: 17bedf746

Time (s): cpu = 00:00:11 ; elapsed = 00:00:07 . Memory (MB): peak = 1778.426 ; gain = 56.020 ; free physical = 148 ; free virtual = 11571

Phase 4.6.2 Clock Restriction Legalization for Leaf Columns
Phase 4.6.2 Clock Restriction Legalization for Leaf Columns | Checksum: 17bedf746

Time (s): cpu = 00:00:11 ; elapsed = 00:00:07 . Memory (MB): peak = 1778.426 ; gain = 56.020 ; free physical = 148 ; free virtual = 11571

Phase 4.6.3 Clock Restriction Legalization for Non-Clock Pins
Phase 4.6.3 Clock Restriction Legalization for Non-Clock Pins | Checksum: 17bedf746

Time (s): cpu = 00:00:11 ; elapsed = 00:00:07 . Memory (MB): peak = 1778.426 ; gain = 56.020 ; free physical = 148 ; free virtual = 11571
Phase 4.6 Small Shape Detail Placement | Checksum: 17bedf746

Time (s): cpu = 00:00:11 ; elapsed = 00:00:07 . Memory (MB): peak = 1778.426 ; gain = 56.020 ; free physical = 148 ; free virtual = 11571

Phase 4.7 Re-assign LUT pins
Phase 4.7 Re-assign LUT pins | Checksum: 17bedf746

Time (s): cpu = 00:00:11 ; elapsed = 00:00:07 . Memory (MB): peak = 1778.426 ; gain = 56.020 ; free physical = 148 ; free virtual = 11571
Phase 4 Detail Placement | Checksum: 17bedf746

Time (s): cpu = 00:00:11 ; elapsed = 00:00:07 . Memory (MB): peak = 1778.426 ; gain = 56.020 ; free physical = 148 ; free virtual = 11571

Phase 5 Post Placement Optimization and Clean-Up

Phase 5.1 PCOPT Shape updates
Phase 5.1 PCOPT Shape updates | Checksum: 19f4c7f4c

Time (s): cpu = 00:00:11 ; elapsed = 00:00:07 . Memory (MB): peak = 1778.426 ; gain = 56.020 ; free physical = 148 ; free virtual = 11571

Phase 5.2 Post Commit Optimization

Phase 5.2.1 updateClock Trees: PCOPT
Phase 5.2.1 updateClock Trees: PCOPT | Checksum: 19f4c7f4c

Time (s): cpu = 00:00:11 ; elapsed = 00:00:07 . Memory (MB): peak = 1778.426 ; gain = 56.020 ; free physical = 148 ; free virtual = 11571

Phase 5.2.2 Post Placement Optimization

Phase 5.2.2.1 Post Placement Timing Optimization
INFO: [Place 30-746] Post Placement Timing Summary WNS=8.897. For the most accurate timing information please run report_timing.
Phase 5.2.2.1 Post Placement Timing Optimization | Checksum: 1604f3e7c

Time (s): cpu = 00:00:12 ; elapsed = 00:00:08 . Memory (MB): peak = 1778.426 ; gain = 56.020 ; free physical = 148 ; free virtual = 11571
Phase 5.2.2 Post Placement Optimization | Checksum: 1604f3e7c

Time (s): cpu = 00:00:12 ; elapsed = 00:00:08 . Memory (MB): peak = 1778.426 ; gain = 56.020 ; free physical = 148 ; free virtual = 11571
Phase 5.2 Post Commit Optimization | Checksum: 1604f3e7c

Time (s): cpu = 00:00:12 ; elapsed = 00:00:08 . Memory (MB): peak = 1778.426 ; gain = 56.020 ; free physical = 148 ; free virtual = 11571

Phase 5.3 Sweep Clock Roots: Post-Placement
Phase 5.3 Sweep Clock Roots: Post-Placement | Checksum: 1604f3e7c

Time (s): cpu = 00:00:12 ; elapsed = 00:00:08 . Memory (MB): peak = 1778.426 ; gain = 56.020 ; free physical = 148 ; free virtual = 11571

Phase 5.4 Post Placement Cleanup
Phase 5.4 Post Placement Cleanup | Checksum: 1604f3e7c

Time (s): cpu = 00:00:12 ; elapsed = 00:00:08 . Memory (MB): peak = 1778.426 ; gain = 56.020 ; free physical = 148 ; free virtual = 11571

Phase 5.5 Placer Reporting

Phase 5.5.1 Restore STA
Phase 5.5.1 Restore STA | Checksum: 1604f3e7c

Time (s): cpu = 00:00:12 ; elapsed = 00:00:08 . Memory (MB): peak = 1778.426 ; gain = 56.020 ; free physical = 148 ; free virtual = 11571
Phase 5.5 Placer Reporting | Checksum: 1604f3e7c

Time (s): cpu = 00:00:12 ; elapsed = 00:00:08 . Memory (MB): peak = 1778.426 ; gain = 56.020 ; free physical = 148 ; free virtual = 11571

Phase 5.6 Final Placement Cleanup
Phase 5.6 Final Placement Cleanup | Checksum: 181939a99

Time (s): cpu = 00:00:12 ; elapsed = 00:00:08 . Memory (MB): peak = 1778.426 ; gain = 56.020 ; free physical = 148 ; free virtual = 11571
Phase 5 Post Placement Optimization and Clean-Up | Checksum: 181939a99

Time (s): cpu = 00:00:12 ; elapsed = 00:00:08 . Memory (MB): peak = 1778.426 ; gain = 56.020 ; free physical = 148 ; free virtual = 11571
Ending Placer Task | Checksum: 13c066886

Time (s): cpu = 00:00:12 ; elapsed = 00:00:08 . Memory (MB): peak = 1778.426 ; gain = 56.020 ; free physical = 148 ; free virtual = 11571
INFO: [Common 17-83] Releasing license: Implementation
45 Infos, 10 Warnings, 9 Critical Warnings and 0 Errors encountered.
place_design completed successfully
place_design: Time (s): cpu = 00:00:13 ; elapsed = 00:00:09 . Memory (MB): peak = 1778.426 ; gain = 56.023 ; free physical = 148 ; free virtual = 11571
Writing placer database...
Writing XDEF routing.
Writing XDEF routing logical nets.
Writing XDEF routing special nets.
Write XDEF Complete: Time (s): cpu = 00:00:00.54 ; elapsed = 00:00:00.43 . Memory (MB): peak = 1778.426 ; gain = 0.000 ; free physical = 141 ; free virtual = 11571
report_io: Time (s): cpu = 00:00:00.25 ; elapsed = 00:00:00.33 . Memory (MB): peak = 1778.426 ; gain = 0.000 ; free physical = 145 ; free virtual = 11570
report_utilization: Time (s): cpu = 00:00:00.21 ; elapsed = 00:00:00.28 . Memory (MB): peak = 1778.426 ; gain = 0.000 ; free physical = 145 ; free virtual = 11570
report_control_sets: Time (s): cpu = 00:00:00.15 ; elapsed = 00:00:00.23 . Memory (MB): peak = 1778.426 ; gain = 0.000 ; free physical = 146 ; free virtual = 11571
Command: route_design
Attempting to get a license for feature 'Implementation' and/or device 'xc7a100t'
INFO: [Common 17-349] Got license for feature 'Implementation' and/or device 'xc7a100t'
Running DRC as a precondition to command route_design
INFO: [Drc 23-27] Running DRC with 4 threads
WARNING: [Drc 23-20] Rule violation (PLIO-7) Placement Constraints Check for IO constraints - An IO Bus SW[15:0] with more than one IO standard is found. Components associated with this bus are:  SW[15] of IOStandard LVCMOS33; SW[14] of IOStandard LVCMOS33; SW[13] of IOStandard LVCMOS33; SW[12] of IOStandard LVCMOS33; SW[11] of IOStandard LVCMOS33; SW[10] of IOStandard LVCMOS33; SW[9] of IOStandard LVCMOS18; SW[8] of IOStandard LVCMOS18; SW[7] of IOStandard LVCMOS33; SW[6] of IOStandard LVCMOS33; SW[5] of IOStandard LVCMOS33; SW[4] of IOStandard LVCMOS33; SW[3] of IOStandard LVCMOS33; SW[2] of IOStandard LVCMOS33; SW[1] of IOStandard LVCMOS33; SW[0] of IOStandard LVCMOS33;
INFO: [Vivado_Tcl 4-198] DRC finished with 0 Errors, 1 Warnings
INFO: [Vivado_Tcl 4-199] Please refer to the DRC report (report_drc) for more information.


Starting Routing Task
INFO: [Route 35-254] Multithreading enabled for route_design using a maximum of 4 CPUs

Phase 1 Build RT Design
Phase 1 Build RT Design | Checksum: 765431ad

Time (s): cpu = 00:00:34 ; elapsed = 00:00:30 . Memory (MB): peak = 1789.090 ; gain = 10.664 ; free physical = 128 ; free virtual = 11517

Phase 2 Router Initialization

Phase 2.1 Create Timer
Phase 2.1 Create Timer | Checksum: 765431ad

Time (s): cpu = 00:00:35 ; elapsed = 00:00:30 . Memory (MB): peak = 1793.090 ; gain = 14.664 ; free physical = 128 ; free virtual = 11517

Phase 2.2 Pre Route Cleanup
Phase 2.2 Pre Route Cleanup | Checksum: 765431ad

Time (s): cpu = 00:00:35 ; elapsed = 00:00:30 . Memory (MB): peak = 1807.090 ; gain = 28.664 ; free physical = 130 ; free virtual = 11503
 Number of Nodes with overlaps = 0

Phase 2.3 Update Timing
Phase 2.3 Update Timing | Checksum: 115357d6c

Time (s): cpu = 00:00:37 ; elapsed = 00:00:32 . Memory (MB): peak = 1837.355 ; gain = 58.930 ; free physical = 132 ; free virtual = 11473
INFO: [Route 35-57] Estimated Timing Summary | WNS=8.83   | TNS=0      | WHS=-0.044 | THS=-0.073 |

Phase 2 Router Initialization | Checksum: 1a833e034

Time (s): cpu = 00:00:37 ; elapsed = 00:00:33 . Memory (MB): peak = 1837.355 ; gain = 58.930 ; free physical = 132 ; free virtual = 11473

Phase 3 Initial Routing
Phase 3 Initial Routing | Checksum: 2227cf401

Time (s): cpu = 00:00:40 ; elapsed = 00:00:34 . Memory (MB): peak = 1837.355 ; gain = 58.930 ; free physical = 131 ; free virtual = 11473

Phase 4 Rip-up And Reroute

Phase 4.1 Global Iteration 0
 Number of Nodes with overlaps = 75
 Number of Nodes with overlaps = 0

Phase 4.1.1 Update Timing
Phase 4.1.1 Update Timing | Checksum: 105bdd260

Time (s): cpu = 00:00:44 ; elapsed = 00:00:37 . Memory (MB): peak = 1837.355 ; gain = 58.930 ; free physical = 131 ; free virtual = 11473
INFO: [Route 35-57] Estimated Timing Summary | WNS=8.75   | TNS=0      | WHS=N/A    | THS=N/A    |

Phase 4.1 Global Iteration 0 | Checksum: 105bdd260

Time (s): cpu = 00:00:44 ; elapsed = 00:00:37 . Memory (MB): peak = 1837.355 ; gain = 58.930 ; free physical = 131 ; free virtual = 11473
Phase 4 Rip-up And Reroute | Checksum: 105bdd260

Time (s): cpu = 00:00:44 ; elapsed = 00:00:37 . Memory (MB): peak = 1837.355 ; gain = 58.930 ; free physical = 131 ; free virtual = 11473

Phase 5 Delay CleanUp

Phase 5.1 Update Timing
Phase 5.1 Update Timing | Checksum: 1431b835e

Time (s): cpu = 00:00:44 ; elapsed = 00:00:37 . Memory (MB): peak = 1837.355 ; gain = 58.930 ; free physical = 131 ; free virtual = 11473
INFO: [Route 35-57] Estimated Timing Summary | WNS=8.83   | TNS=0      | WHS=N/A    | THS=N/A    |

Phase 5 Delay CleanUp | Checksum: 1431b835e

Time (s): cpu = 00:00:44 ; elapsed = 00:00:37 . Memory (MB): peak = 1837.355 ; gain = 58.930 ; free physical = 131 ; free virtual = 11473

Phase 6 Clock Skew Optimization
Phase 6 Clock Skew Optimization | Checksum: 1431b835e

Time (s): cpu = 00:00:44 ; elapsed = 00:00:37 . Memory (MB): peak = 1837.355 ; gain = 58.930 ; free physical = 131 ; free virtual = 11473

Phase 7 Post Hold Fix

Phase 7.1 Update Timing
Phase 7.1 Update Timing | Checksum: 10822411a

Time (s): cpu = 00:00:45 ; elapsed = 00:00:37 . Memory (MB): peak = 1837.355 ; gain = 58.930 ; free physical = 131 ; free virtual = 11473
INFO: [Route 35-57] Estimated Timing Summary | WNS=8.83   | TNS=0      | WHS=0.249  | THS=0      |

Phase 7 Post Hold Fix | Checksum: 10822411a

Time (s): cpu = 00:00:45 ; elapsed = 00:00:37 . Memory (MB): peak = 1837.355 ; gain = 58.930 ; free physical = 131 ; free virtual = 11473

Phase 8 Route finalize

Router Utilization Summary
  Global Vertical Routing Utilization    = 0.659616 %
  Global Horizontal Routing Utilization  = 0.629937 %
  Routable Net Status*
  *Does not include unroutable nets such as driverless and loadless.
  Run report_route_status for detailed report.
  Number of Failed Nets               = 0
  Number of Unrouted Nets             = 0
  Number of Partially Routed Nets     = 0
  Number of Node Overlaps             = 0

Phase 8 Route finalize | Checksum: 10822411a

Time (s): cpu = 00:00:45 ; elapsed = 00:00:37 . Memory (MB): peak = 1837.355 ; gain = 58.930 ; free physical = 131 ; free virtual = 11473

Phase 9 Verifying routed nets

 Verification completed successfully
Phase 9 Verifying routed nets | Checksum: 10822411a

Time (s): cpu = 00:00:45 ; elapsed = 00:00:37 . Memory (MB): peak = 1837.355 ; gain = 58.930 ; free physical = 131 ; free virtual = 11473

Phase 10 Depositing Routes
Phase 10 Depositing Routes | Checksum: fed8fabb

Time (s): cpu = 00:00:45 ; elapsed = 00:00:37 . Memory (MB): peak = 1837.355 ; gain = 58.930 ; free physical = 131 ; free virtual = 11473

Phase 11 Post Router Timing
INFO: [Route 35-57] Estimated Timing Summary | WNS=8.83   | TNS=0      | WHS=0.249  | THS=0      |

INFO: [Route 35-327] The final timing numbers are based on the router estimated timing analysis. For a complete and accurate timing signoff, please run report_timing_summary.
Phase 11 Post Router Timing | Checksum: fed8fabb

Time (s): cpu = 00:00:45 ; elapsed = 00:00:37 . Memory (MB): peak = 1837.355 ; gain = 58.930 ; free physical = 131 ; free virtual = 11473
INFO: [Route 35-16] Router Completed Successfully

Routing Is Done.

Time (s): cpu = 00:00:45 ; elapsed = 00:00:37 . Memory (MB): peak = 1837.355 ; gain = 58.930 ; free physical = 131 ; free virtual = 11473
INFO: [Common 17-83] Releasing license: Implementation
58 Infos, 11 Warnings, 9 Critical Warnings and 0 Errors encountered.
route_design completed successfully
route_design: Time (s): cpu = 00:00:46 ; elapsed = 00:00:38 . Memory (MB): peak = 1837.355 ; gain = 58.930 ; free physical = 131 ; free virtual = 11473
Writing placer database...
Writing XDEF routing.
Writing XDEF routing logical nets.
Writing XDEF routing special nets.
Write XDEF Complete: Time (s): cpu = 00:00:00.59 ; elapsed = 00:00:00.51 . Memory (MB): peak = 1837.355 ; gain = 0.000 ; free physical = 123 ; free virtual = 11473
INFO: [Drc 23-27] Running DRC with 4 threads
INFO: [Coretcl 2-168] The results of DRC are in file /afs/athena.mit.edu/user/k/s/kschan/Documents/6.111/Final_Project2/Final_Project2.runs/impl_1/main_drc_routed.rpt.
INFO: [Timing 38-91] UpdateTimingParams: Speed grade: -3, Delay Type: min_max.
INFO: [Timing 38-191] Multithreading enabled for timing update using a maximum of 4 CPUs
Running Vector-less Activity Propagation...

Finished Running Vector-less Activity Propagation
Attempting to get a license for feature 'Implementation' and/or device 'xc7a100t'
INFO: [Common 17-349] Got license for feature 'Implementation' and/or device 'xc7a100t'
Running DRC as a precondition to command write_bitstream
INFO: [Drc 23-27] Running DRC with 4 threads
WARNING: [Drc 23-20] Rule violation (CFGBVS-1) Missing CFGBVS and CONFIG_VOLTAGE Design Properties - Neither the CFGBVS nor CONFIG_VOLTAGE voltage property is set in the current_design.  Configuration bank voltage select (CFGBVS) must be set to VCCO or GND, and CONFIG_VOLTAGE must be set to the correct configuration voltage, in order to determine the I/O voltage support for the pins in bank 0.  It is suggested to specify these either using the 'Edit Device Properties' function in the GUI or directly in the XDC file using the following syntax:

 set_property CFGBVS value1 [current_design]
 #where value1 is either VCCO or GND

 set_property CONFIG_VOLTAGE value2 [current_design]
 #where value2 is the voltage provided to configuration bank 0

Refer to the device configuration user guide for more information.
WARNING: [Drc 23-20] Rule violation (DPIP-1) Input pipelining - DSP addrb1 input B C is not pipelined. Pipelining DSP48 input will improve performance.
WARNING: [Drc 23-20] Rule violation (DPIP-1) Input pipelining - DSP addrb1__0 input B C is not pipelined. Pipelining DSP48 input will improve performance.
WARNING: [Drc 23-20] Rule violation (DPIP-1) Input pipelining - DSP addrb3 input A B is not pipelined. Pipelining DSP48 input will improve performance.
WARNING: [Drc 23-20] Rule violation (DPIP-1) Input pipelining - DSP addrb3__0 input A B is not pipelined. Pipelining DSP48 input will improve performance.
WARNING: [Drc 23-20] Rule violation (DPOP-1) Output pipelining - DSP addrb1 output P is not pipelined. Pipelining DSP48 output will improve performance. Both multiplier/adder output can be pipelined.
WARNING: [Drc 23-20] Rule violation (DPOP-1) Output pipelining - DSP addrb1__0 output P is not pipelined. Pipelining DSP48 output will improve performance. Both multiplier/adder output can be pipelined.
WARNING: [Drc 23-20] Rule violation (DPOP-1) Output pipelining - DSP addrb3 output P is not pipelined. Pipelining DSP48 output will improve performance. Both multiplier/adder output can be pipelined.
WARNING: [Drc 23-20] Rule violation (DPOP-1) Output pipelining - DSP addrb3__0 output P is not pipelined. Pipelining DSP48 output will improve performance. Both multiplier/adder output can be pipelined.
WARNING: [Drc 23-20] Rule violation (RPBF-3) IO port buffering is incomplete - Device port JB[0] expects both input and output buffering but the buffers are incomplete.
WARNING: [Drc 23-20] Rule violation (RPBF-3) IO port buffering is incomplete - Device port JB[1] expects both input and output buffering but the buffers are incomplete.
WARNING: [Drc 23-20] Rule violation (RPBF-3) IO port buffering is incomplete - Device port JB[2] expects both input and output buffering but the buffers are incomplete.
WARNING: [Drc 23-20] Rule violation (RPBF-3) IO port buffering is incomplete - Device port JB[3] expects both input and output buffering but the buffers are incomplete.
WARNING: [Drc 23-20] Rule violation (RPBF-3) IO port buffering is incomplete - Device port JB[4] expects both input and output buffering but the buffers are incomplete.
WARNING: [Drc 23-20] Rule violation (RPBF-3) IO port buffering is incomplete - Device port JB[5] expects both input and output buffering but the buffers are incomplete.
WARNING: [Drc 23-20] Rule violation (RPBF-3) IO port buffering is incomplete - Device port JB[6] expects both input and output buffering but the buffers are incomplete.
WARNING: [Drc 23-20] Rule violation (RPBF-3) IO port buffering is incomplete - Device port JB[7] expects both input and output buffering but the buffers are incomplete.
INFO: [Vivado 12-3199] DRC finished with 0 Errors, 17 Warnings
INFO: [Vivado 12-3200] Please refer to the DRC report (report_drc) for more information.
Loading data files...
Loading site data...
Loading route data...
Processing options...
Creating bitmap...
Creating bitstream...
Writing bitstream ./main.bit...
INFO: [Vivado 12-1842] Bitgen Completed Successfully.
INFO: [Project 1-118] WebTalk data collection is enabled (User setting is ON. Install Setting is ON.).
INFO: [Common 17-83] Releasing license: Implementation
write_bitstream: Time (s): cpu = 00:00:34 ; elapsed = 00:00:38 . Memory (MB): peak = 2105.664 ; gain = 260.293 ; free physical = 143 ; free virtual = 11187
INFO: [Common 17-206] Exiting Vivado at Mon Nov 23 21:17:02 2015...
