#-----------------------------------------------------------
# Vivado v2014.4.1 (64-bit)
# SW Build 1149489 on Thu Feb 19 16:01:47 MST 2015
# IP Build 1147552 on Wed Feb 18 14:25:16 MST 2015
# Start of session at: Mon Nov 23 22:00:31 2015
# Process ID: 23652
# Log file: /afs/athena.mit.edu/user/k/s/kschan/Documents/6.111/Git/vivado.log
# Journal file: /afs/athena.mit.edu/user/k/s/kschan/Documents/6.111/Git/vivado.jou
#-----------------------------------------------------------
start_gui
open_project /afs/athena.mit.edu/user/k/s/kschan/Documents/6.111/Final_Project2/Final_Project2.xpr
Scanning sources...
Finished scanning sources
INFO: [IP_Flow 19-234] Refreshing IP repositories
INFO: [IP_Flow 19-1704] No user IP repositories specified
INFO: [IP_Flow 19-2313] Loaded Vivado IP repository '/mit/6.111/xilinx-vivado/Vivado/2014.4/data/ip'.
open_project: Time (s): cpu = 00:00:16 ; elapsed = 00:00:10 . Memory (MB): peak = 5742.742 ; gain = 107.328 ; free physical = 2043 ; free virtual = 12950
update_compile_order -fileset sources_1
open_hw
connect_hw_server
INFO: [Labtools 27-2285] Connecting to hw_server url TCP:localhost:3121
